2024-10-07 04:31:43,781 INFO 18372 [egg:logger] init all loggers with options: {"dir":"/Users/hanshuqiang/Documents/workcode/config/workspace/mycode/cms/logs/cmswing","encoding":"utf8","env":"local","level":"INFO","consoleLevel":"INFO","disableConsoleAfterReady":false,"outputJSON":false,"buffer":true,"appLogName":"cmswing-web.log","coreLogName":"egg-web.log","agentLogName":"egg-agent.log","errorLogName":"common-error.log","coreLogger":{"consoleLevel":"WARN"},"allowDebugAtProd":false,"enablePerformanceTimer":false,"enableFastContextLogger":false,"type":"application","localStorage":{"enabled":false}}
2024-10-07 04:31:43,781 INFO 18372 [egg-multipart] file mode enable
2024-10-07 04:31:43,782 INFO 18372 [egg-multipart] will save temporary files to "/var/folders/01/dhxtw0015cn9054tw242s7gh0000gn/T/egg-multipart-tmp/cmswing", cleanup job cron: "0 30 4 * * *"
2024-10-07 04:31:44,323 INFO 18372 [egg-static] starting static serve /public/ -> /Users/hanshuqiang/Documents/workcode/config/workspace/mycode/cms/app/public
2024-10-07 04:31:44,324 INFO 18372 [egg-security] use methodnoallow middleware
2024-10-07 04:31:44,325 INFO 18372 [egg-security] use noopen middleware
2024-10-07 04:31:44,325 INFO 18372 [egg-security] use nosniff middleware
2024-10-07 04:31:44,325 INFO 18372 [egg-security] use xssProtection middleware
2024-10-07 04:31:44,326 INFO 18372 [egg-security] use xframe middleware
2024-10-07 04:31:44,326 INFO 18372 [egg-security] use dta middleware
2024-10-07 04:31:44,326 INFO 18372 [egg-security] compose 6 middlewares into one security middleware
2024-10-07 04:31:44,355 INFO 18372 [egg:core] dump config after load, 4ms
2024-10-07 04:31:44,400 INFO 18372 [egg-watcher:application] watcher start success
2024-10-07 04:31:44,414 INFO 18372 egg start timeline:
▇▇▇▇▇▇▇▇▇▇▇▇▇▇▇▇▇ [458ms] - #0 Process Start
                 ▇▇▇▇▇▇▇▇▇▇▇▇▇▇▇▇▇▇▇▇▇▇▇▇▇▇▇▇▇▇▇▇ [861ms] - #1 Application Start
                 ▇ [9ms] - #2 Load Plugin
                 ▇▇▇ [84ms] - #3 Load Config
                 ▇ [6ms] - #4 Require(0) config/config.default.js
                    ▇ [1ms] - #5 Require(1) node_modules/egg-session/config/config.default.js
                    ▇ [0ms] - #6 Require(2) node_modules/egg-security/config/config.default.js
                    ▇ [0ms] - #7 Require(3) node_modules/egg-jsonp/config/config.default.js
                    ▇ [1ms] - #8 Require(4) node_modules/egg-onerror/config/config.default.js
                    ▇ [0ms] - #9 Require(5) node_modules/egg-i18n/config/config.default.js
                    ▇ [0ms] - #10 Require(6) node_modules/egg-watcher/config/config.default.js
                    ▇ [0ms] - #11 Require(7) node_modules/egg-schedule/config/config.default.js
                    ▇ [0ms] - #12 Require(8) node_modules/egg-multipart/config/config.default.js
                    ▇ [0ms] - #13 Require(9) node_modules/egg-development/config/config.default.js
                    ▇ [0ms] - #14 Require(10) node_modules/egg-logrotator/config/config.default.js
                    ▇ [0ms] - #15 Require(11) node_modules/egg-static/config/config.default.js
                    ▇ [0ms] - #16 Require(12) node_modules/egg-view/config/config.default.js
                    ▇ [0ms] - #17 Require(13) node_modules/egg-cors/config/config.default.js
                    ▇ [0ms] - #18 Require(14) node_modules/egg-swagger-docs/config/config.default.js
                    ▇ [0ms] - #19 Require(15) node_modules/egg-view-nunjucks/config/config.default.js
                    ▇ [0ms] - #20 Require(16) node_modules/egg-sequelize/config/config.default.js
                    ▇ [1ms] - #21 Require(17) node_modules/egg-graphql/config/config.default.js
                    ▇ [0ms] - #22 Require(18) node_modules/egg-downloader/config/config.default.js
                    ▇ [0ms] - #23 Require(19) node_modules/egg-remote-config/config/config.default.js
                    ▇ [0ms] - #24 Require(20) node_modules/egg/config/config.default.js
                     ▇ [0ms] - #25 Require(21) config/config.default.js
                     ▇ [0ms] - #26 Require(22) node_modules/egg-security/config/config.local.js
                     ▇ [1ms] - #27 Require(23) node_modules/egg-watcher/config/config.local.js
                     ▇ [0ms] - #28 Require(24) node_modules/egg-view/config/config.local.js
                     ▇ [0ms] - #29 Require(25) node_modules/egg-view-nunjucks/config/config.local.js
                     ▇ [1ms] - #30 Require(26) node_modules/egg/config/config.local.js
                     ▇ [18ms] - #31 Load extend/application.js
                     ▇ [0ms] - #32 Require(27) node_modules/egg-session/app/extend/application.js
                     ▇ [1ms] - #33 Require(28) node_modules/egg-security/app/extend/application.js
                     ▇ [0ms] - #34 Require(29) node_modules/egg-jsonp/app/extend/application.js
                     ▇ [0ms] - #35 Require(30) node_modules/egg-schedule/app/extend/application.js
                     ▇ [0ms] - #36 Require(31) node_modules/egg-logrotator/app/extend/application.js
                     ▇ [0ms] - #37 Require(32) node_modules/egg-view/app/extend/application.js
                     ▇ [13ms] - #38 Require(33) node_modules/egg-view-nunjucks/app/extend/application.js
                     ▇ [2ms] - #39 Load extend/request.js
                     ▇ [0ms] - #40 Require(34) node_modules/egg/app/extend/request.js
                     ▇ [2ms] - #41 Load extend/response.js
                     ▇ [1ms] - #42 Require(35) node_modules/egg/app/extend/response.js
                      ▇ [11ms] - #43 Load extend/context.js
                      ▇ [3ms] - #44 Require(36) node_modules/egg-security/app/extend/context.js
                      ▇ [0ms] - #45 Require(37) node_modules/egg-jsonp/app/extend/context.js
                      ▇ [1ms] - #46 Require(38) node_modules/egg-i18n/app/extend/context.js
                      ▇ [3ms] - #47 Require(39) node_modules/egg-multipart/app/extend/context.js
                      ▇ [1ms] - #48 Require(40) node_modules/egg-view/app/extend/context.js
                      ▇ [0ms] - #49 Require(41) node_modules/egg-swagger-docs/app/extend/context.js
                      ▇ [0ms] - #50 Require(42) node_modules/egg-graphql/app/extend/context.js
                      ▇ [0ms] - #51 Require(43) node_modules/egg-downloader/app/extend/context.js
                      ▇ [0ms] - #52 Require(44) node_modules/egg/app/extend/context.js
                      ▇ [0ms] - #53 Require(45) app/extend/context.js
                      ▇▇ [63ms] - #54 Load extend/helper.js
                      ▇ [8ms] - #55 Require(46) node_modules/egg-security/app/extend/helper.js
                      ▇ [1ms] - #56 Require(47) node_modules/egg/app/extend/helper.js
                      ▇▇ [53ms] - #57 Require(48) app/extend/helper.js
                        ▇ [33ms] - #58 Load app.js
                        ▇ [0ms] - #59 Require(49) node_modules/egg-session/app.js
                        ▇ [1ms] - #60 Require(50) node_modules/egg-security/app.js
                        ▇ [4ms] - #61 Require(51) node_modules/egg-onerror/app.js
                         ▇ [7ms] - #62 Require(52) node_modules/egg-i18n/app.js
                         ▇ [1ms] - #63 Require(53) node_modules/egg-watcher/app.js
                         ▇ [1ms] - #64 Require(54) node_modules/egg-schedule/app.js
                         ▇ [1ms] - #65 Require(55) node_modules/egg-multipart/app.js
                         ▇ [0ms] - #66 Require(56) node_modules/egg-development/app.js
                         ▇ [0ms] - #67 Require(57) node_modules/egg-logrotator/app.js
                         ▇ [1ms] - #68 Require(58) node_modules/egg-static/app.js
                         ▇ [0ms] - #69 Require(59) node_modules/egg-cors/app.js
                         ▇ [13ms] - #70 Require(60) node_modules/egg-swagger-docs/app.js
                         ▇ [0ms] - #71 Require(61) node_modules/egg-view-nunjucks/app.js
                         ▇ [0ms] - #72 Require(62) node_modules/egg-sequelize/app.js
                         ▇ [0ms] - #73 Require(63) node_modules/egg-graphql/app.js
                          ▇ [0ms] - #74 Require(64) node_modules/egg-remote-config/app.js
                          ▇▇▇▇▇▇▇▇▇▇▇▇▇▇▇▇▇▇▇▇▇▇▇ [614ms] - #75 Before Start in node_modules/egg-watcher/lib/init.js:15:14
                          ▇▇▇▇▇▇▇▇▇▇▇▇▇▇▇▇▇▇▇▇▇▇ [594ms] - #76 Before Start in node_modules/egg-swagger-docs/app.js:6:7
                            ▇ [21ms] - #77 Load "Symbol(model)" to Application
                             ▇▇▇▇▇▇▇▇▇▇▇▇▇▇▇▇▇▇▇▇ [542ms] - #78 Before Start in node_modules/egg-sequelize/lib/loader.js:39:7
                                ▇▇▇▇▇▇▇▇▇ [247ms] - #79 Load Service
                                ▇▇▇▇▇▇▇▇▇ [247ms] - #80 Load "service" to Context
                                         ▇▇▇▇▇ [141ms] - #81 Load Middleware
                                         ▇▇▇▇▇ [138ms] - #82 Load "middlewares" to Application
                                              ▇ [22ms] - #83 Load Controller
                                              ▇ [22ms] - #84 Load "controller" to Application
                                               ▇ [2ms] - #85 Load Router
                                               ▇ [0ms] - #86 Require(65) app/router.js
                                               ▇ [42ms] - #87 Before Start in node_modules/egg-core/lib/egg.js:306:10
2024-10-07 04:31:44,414 INFO 18372 [egg:core] dump config after ready, 3ms
